{
  "stats": {
    "suites": 1,
    "tests": 1,
    "passes": 0,
    "pending": 0,
    "failures": 1,
    "start": "2021-09-28T13:00:31.469Z",
    "end": "2021-09-28T13:00:43.316Z",
    "duration": 11847,
    "testsRegistered": 1,
    "passPercent": 0,
    "pendingPercent": 0,
    "other": 0,
    "hasOther": false,
    "skipped": 0,
    "hasSkipped": false
  },
  "results": [
    {
      "uuid": "1849db2a-8bfc-464e-a670-276f776b60e8",
      "title": "",
      "fullFile": "cypress/integration/a11y/signup.access.js",
      "file": "cypress/integration/a11y/signup.access.js",
      "beforeHooks": [],
      "afterHooks": [],
      "tests": [],
      "suites": [
        {
          "uuid": "bcc2550c-d42b-45ed-97ad-31c11c1a0629",
          "title": "A11y",
          "fullFile": "",
          "file": "",
          "beforeHooks": [],
          "afterHooks": [],
          "tests": [
            {
              "title": "signup page is accessible",
              "fullTitle": "A11y signup page is accessible",
              "timedOut": null,
              "duration": 11792,
              "state": "failed",
              "speed": null,
              "pass": false,
              "fail": true,
              "pending": false,
              "context": null,
              "code": "cy.checkPageA11y(\"http://61.85.154.156:3021/signup\");",
              "err": {
                "message": "AssertionError: 5 accessibility violations were detected: expected 5 to equal 0",
                "estack": "AssertionError: 5 accessibility violations were detected: expected 5 to equal 0\n    at Context.eval (http://61.85.154.156:3021/__cypress/tests?p=cypress/support/index.js:37659:20)",
                "diff": null
              },
              "uuid": "c30e05d8-1ada-4937-b977-40c1ec6c1d1d",
              "parentUUID": "bcc2550c-d42b-45ed-97ad-31c11c1a0629",
              "isHook": false,
              "skipped": false
            }
          ],
          "suites": [],
          "passes": [],
          "failures": [
            "c30e05d8-1ada-4937-b977-40c1ec6c1d1d"
          ],
          "pending": [],
          "skipped": [],
          "duration": 11792,
          "root": false,
          "rootEmpty": false,
          "_timeout": 2000
        }
      ],
      "passes": [],
      "failures": [],
      "pending": [],
      "skipped": [],
      "duration": 0,
      "root": true,
      "rootEmpty": true,
      "_timeout": 2000
    }
  ],
  "meta": {
    "mocha": {
      "version": "7.0.1"
    },
    "mochawesome": {
      "options": {
        "quiet": false,
        "reportFilename": "mochawesome",
        "saveHtml": true,
        "saveJson": true,
        "consoleReporter": "spec",
        "useInlineDiffs": false,
        "code": true
      },
      "version": "6.2.2"
    },
    "marge": {
      "options": {
        "embeddedScreenshots": true,
        "charts": true,
        "overwrite": false,
        "html": true,
        "json": true
      },
      "version": "5.2.0"
    }
  }
}