{
  "stats": {
    "suites": 1,
    "tests": 1,
    "passes": 0,
    "pending": 0,
    "failures": 1,
    "start": "2021-09-28T12:59:44.907Z",
    "end": "2021-09-28T13:00:15.243Z",
    "duration": 30336,
    "testsRegistered": 1,
    "passPercent": 0,
    "pendingPercent": 0,
    "other": 0,
    "hasOther": false,
    "skipped": 0,
    "hasSkipped": false
  },
  "results": [
    {
      "uuid": "2b7281d4-7570-4d60-b571-32ed0be9f5f3",
      "title": "",
      "fullFile": "cypress/integration/a11y/home.access.js",
      "file": "cypress/integration/a11y/home.access.js",
      "beforeHooks": [],
      "afterHooks": [],
      "tests": [],
      "suites": [
        {
          "uuid": "24948192-13ac-4bf7-a1b3-8cd751559fc8",
          "title": "A11y",
          "fullFile": "",
          "file": "",
          "beforeHooks": [],
          "afterHooks": [],
          "tests": [
            {
              "title": "home page is accessible",
              "fullTitle": "A11y home page is accessible",
              "timedOut": null,
              "duration": 30274,
              "state": "failed",
              "speed": null,
              "pass": false,
              "fail": true,
              "pending": false,
              "context": null,
              "code": "cy.checkPageA11y(\"http://61.85.154.156:3021/\");",
              "err": {
                "message": "AssertionError: 6 accessibility violations were detected: expected 6 to equal 0",
                "estack": "AssertionError: 6 accessibility violations were detected: expected 6 to equal 0\n    at Context.eval (http://61.85.154.156:3021/__cypress/tests?p=cypress/support/index.js:37659:20)",
                "diff": null
              },
              "uuid": "fa1d08e5-cd1f-49a9-97e2-e2733839e9a3",
              "parentUUID": "24948192-13ac-4bf7-a1b3-8cd751559fc8",
              "isHook": false,
              "skipped": false
            }
          ],
          "suites": [],
          "passes": [],
          "failures": [
            "fa1d08e5-cd1f-49a9-97e2-e2733839e9a3"
          ],
          "pending": [],
          "skipped": [],
          "duration": 30274,
          "root": false,
          "rootEmpty": false,
          "_timeout": 2000
        }
      ],
      "passes": [],
      "failures": [],
      "pending": [],
      "skipped": [],
      "duration": 0,
      "root": true,
      "rootEmpty": true,
      "_timeout": 2000
    }
  ],
  "meta": {
    "mocha": {
      "version": "7.0.1"
    },
    "mochawesome": {
      "options": {
        "quiet": false,
        "reportFilename": "mochawesome",
        "saveHtml": true,
        "saveJson": true,
        "consoleReporter": "spec",
        "useInlineDiffs": false,
        "code": true
      },
      "version": "6.2.2"
    },
    "marge": {
      "options": {
        "embeddedScreenshots": true,
        "charts": true,
        "overwrite": false,
        "html": true,
        "json": true
      },
      "version": "5.2.0"
    }
  }
}