{
  "stats": {
    "suites": 1,
    "tests": 1,
    "passes": 0,
    "pending": 0,
    "failures": 1,
    "start": "2021-09-28T12:59:13.860Z",
    "end": "2021-09-28T12:59:43.635Z",
    "duration": 29775,
    "testsRegistered": 1,
    "passPercent": 0,
    "pendingPercent": 0,
    "other": 0,
    "hasOther": false,
    "skipped": 0,
    "hasSkipped": false
  },
  "results": [
    {
      "uuid": "ab73bef4-f46b-449b-94a5-893d01358721",
      "title": "",
      "fullFile": "cypress/integration/a11y/forgot.access.js",
      "file": "cypress/integration/a11y/forgot.access.js",
      "beforeHooks": [],
      "afterHooks": [],
      "tests": [],
      "suites": [
        {
          "uuid": "ff2cb154-0d53-43e9-8c60-99a1b5d6e255",
          "title": "A11y",
          "fullFile": "",
          "file": "",
          "beforeHooks": [],
          "afterHooks": [],
          "tests": [
            {
              "title": "forgot password page is accessible",
              "fullTitle": "A11y forgot password page is accessible",
              "timedOut": null,
              "duration": 29715,
              "state": "failed",
              "speed": null,
              "pass": false,
              "fail": true,
              "pending": false,
              "context": null,
              "code": "cy.checkPageA11y(\"http://61.85.154.156:3021/forgot_password\");",
              "err": {
                "message": "AssertionError: 3 accessibility violations were detected: expected 3 to equal 0",
                "estack": "AssertionError: 3 accessibility violations were detected: expected 3 to equal 0\n    at Context.eval (http://61.85.154.156:3021/__cypress/tests?p=cypress/support/index.js:37659:20)",
                "diff": null
              },
              "uuid": "e1f61ef7-8e55-4e5f-a343-2939e457e5e9",
              "parentUUID": "ff2cb154-0d53-43e9-8c60-99a1b5d6e255",
              "isHook": false,
              "skipped": false
            }
          ],
          "suites": [],
          "passes": [],
          "failures": [
            "e1f61ef7-8e55-4e5f-a343-2939e457e5e9"
          ],
          "pending": [],
          "skipped": [],
          "duration": 29715,
          "root": false,
          "rootEmpty": false,
          "_timeout": 2000
        }
      ],
      "passes": [],
      "failures": [],
      "pending": [],
      "skipped": [],
      "duration": 0,
      "root": true,
      "rootEmpty": true,
      "_timeout": 2000
    }
  ],
  "meta": {
    "mocha": {
      "version": "7.0.1"
    },
    "mochawesome": {
      "options": {
        "quiet": false,
        "reportFilename": "mochawesome",
        "saveHtml": true,
        "saveJson": true,
        "consoleReporter": "spec",
        "useInlineDiffs": false,
        "code": true
      },
      "version": "6.2.2"
    },
    "marge": {
      "options": {
        "embeddedScreenshots": true,
        "charts": true,
        "overwrite": false,
        "html": true,
        "json": true
      },
      "version": "5.2.0"
    }
  }
}